DEBUG - Skipping JACC integration as it was not enabled
DEBUG - Instantiated session factory
DEBUG - Not known whether passed class name [domain.Phone] is safe
DEBUG - No temp ClassLoader provided; using live ClassLoader for loading potentially unsafe class : domain.Phone
DEBUG - Not known whether passed class name [domain.Phone] is safe
DEBUG - No temp ClassLoader provided; using live ClassLoader for loading potentially unsafe class : domain.Phone
DEBUG - Not known whether passed class name [domain.Person] is safe
DEBUG - No temp ClassLoader provided; using live ClassLoader for loading potentially unsafe class : domain.Person
DEBUG - Not known whether passed class name [domain.Donor] is safe
DEBUG - No temp ClassLoader provided; using live ClassLoader for loading potentially unsafe class : domain.Donor
DEBUG - Not known whether passed class name [domain.Donor] is safe
DEBUG - No temp ClassLoader provided; using live ClassLoader for loading potentially unsafe class : domain.Donor
DEBUG - Not known whether passed class name [domain.BloodBankAddress] is safe
DEBUG - No temp ClassLoader provided; using live ClassLoader for loading potentially unsafe class : domain.BloodBankAddress
DEBUG - Not known whether passed class name [domain.BloodBankAddress] is safe
DEBUG - No temp ClassLoader provided; using live ClassLoader for loading potentially unsafe class : domain.BloodBankAddress
DEBUG - Not known whether passed class name [domain.BloodBank] is safe
DEBUG - No temp ClassLoader provided; using live ClassLoader for loading potentially unsafe class : domain.BloodBank
DEBUG - Not known whether passed class name [domain.BloodBank] is safe
DEBUG - No temp ClassLoader provided; using live ClassLoader for loading potentially unsafe class : domain.BloodBank
DEBUG - Not known whether passed class name [domain.Person] is safe
DEBUG - No temp ClassLoader provided; using live ClassLoader for loading potentially unsafe class : domain.Person
DEBUG - Static SQL for entity: domain.Phone
DEBUG -  Version select: select trn from donor_phone where trn =?
DEBUG -  Snapshot select: select phone_.trn, phone_.phone_number_1 as phone_nu2_3_, phone_.phone_number_2 as phone_nu3_3_ from donor_phone phone_ where phone_.trn=?
DEBUG -  Insert 0: insert into donor_phone (phone_number_1, phone_number_2, trn) values (?, ?, ?)
DEBUG -  Update 0: update donor_phone set phone_number_1=?, phone_number_2=? where trn=?
DEBUG -  Delete 0: delete from donor_phone where trn=?
DEBUG - Adding QuerySpace : uid = <gen:0> -> org.hibernate.loader.plan.build.internal.spaces.EntityQuerySpaceImpl@c2db68f]
DEBUG - Visiting attribute path : phone1
DEBUG - Visiting attribute path : phone2
DEBUG - Building LoadPlan...
DEBUG - processing queryspace <gen:0>
DEBUG - LoadPlan(entity=domain.Phone)
    - Returns
       - EntityReturnImpl(entity=domain.Phone, querySpaceUid=<gen:0>, path=domain.Phone)
    - QuerySpaces
       - EntityQuerySpaceImpl(uid=<gen:0>, entity=domain.Phone)
          - SQL table alias mapping - phone0_
          - alias suffix - 0_
          - suffixed key columns - {trn1_3_0_}

DEBUG - Static select for entity domain.Phone [NONE]: select phone0_.trn as trn1_3_0_, phone0_.phone_number_1 as phone_nu2_3_0_, phone0_.phone_number_2 as phone_nu3_3_0_ from donor_phone phone0_ where phone0_.trn=?
DEBUG - Adding QuerySpace : uid = <gen:0> -> org.hibernate.loader.plan.build.internal.spaces.EntityQuerySpaceImpl@2e9fda69]
DEBUG - Visiting attribute path : phone1
DEBUG - Visiting attribute path : phone2
DEBUG - Building LoadPlan...
DEBUG - processing queryspace <gen:0>
DEBUG - LoadPlan(entity=domain.Phone)
    - Returns
       - EntityReturnImpl(entity=domain.Phone, querySpaceUid=<gen:0>, path=domain.Phone)
    - QuerySpaces
       - EntityQuerySpaceImpl(uid=<gen:0>, entity=domain.Phone)
          - SQL table alias mapping - phone0_
          - alias suffix - 0_
          - suffixed key columns - {trn1_3_0_}

DEBUG - Static select for entity domain.Phone [READ]: select phone0_.trn as trn1_3_0_, phone0_.phone_number_1 as phone_nu2_3_0_, phone0_.phone_number_2 as phone_nu3_3_0_ from donor_phone phone0_ where phone0_.trn=?
DEBUG - Adding QuerySpace : uid = <gen:0> -> org.hibernate.loader.plan.build.internal.spaces.EntityQuerySpaceImpl@1755e85b]
DEBUG - Visiting attribute path : phone1
DEBUG - Visiting attribute path : phone2
DEBUG - Building LoadPlan...
DEBUG - processing queryspace <gen:0>
DEBUG - LoadPlan(entity=domain.Phone)
    - Returns
       - EntityReturnImpl(entity=domain.Phone, querySpaceUid=<gen:0>, path=domain.Phone)
    - QuerySpaces
       - EntityQuerySpaceImpl(uid=<gen:0>, entity=domain.Phone)
          - SQL table alias mapping - phone0_
          - alias suffix - 0_
          - suffixed key columns - {trn1_3_0_}

DEBUG - Static select for entity domain.Phone [UPGRADE]: select phone0_.trn as trn1_3_0_, phone0_.phone_number_1 as phone_nu2_3_0_, phone0_.phone_number_2 as phone_nu3_3_0_ from donor_phone phone0_ where phone0_.trn=? for update
DEBUG - Adding QuerySpace : uid = <gen:0> -> org.hibernate.loader.plan.build.internal.spaces.EntityQuerySpaceImpl@2371aaca]
DEBUG - Visiting attribute path : phone1
DEBUG - Visiting attribute path : phone2
DEBUG - Building LoadPlan...
DEBUG - processing queryspace <gen:0>
DEBUG - LoadPlan(entity=domain.Phone)
    - Returns
       - EntityReturnImpl(entity=domain.Phone, querySpaceUid=<gen:0>, path=domain.Phone)
    - QuerySpaces
       - EntityQuerySpaceImpl(uid=<gen:0>, entity=domain.Phone)
          - SQL table alias mapping - phone0_
          - alias suffix - 0_
          - suffixed key columns - {trn1_3_0_}

DEBUG - Static select for entity domain.Phone [UPGRADE_NOWAIT]: select phone0_.trn as trn1_3_0_, phone0_.phone_number_1 as phone_nu2_3_0_, phone0_.phone_number_2 as phone_nu3_3_0_ from donor_phone phone0_ where phone0_.trn=? for update
DEBUG - Adding QuerySpace : uid = <gen:0> -> org.hibernate.loader.plan.build.internal.spaces.EntityQuerySpaceImpl@63fdab07]
DEBUG - Visiting attribute path : phone1
DEBUG - Visiting attribute path : phone2
DEBUG - Building LoadPlan...
DEBUG - processing queryspace <gen:0>
DEBUG - LoadPlan(entity=domain.Phone)
    - Returns
       - EntityReturnImpl(entity=domain.Phone, querySpaceUid=<gen:0>, path=domain.Phone)
    - QuerySpaces
       - EntityQuerySpaceImpl(uid=<gen:0>, entity=domain.Phone)
          - SQL table alias mapping - phone0_
          - alias suffix - 0_
          - suffixed key columns - {trn1_3_0_}

DEBUG - Static select for entity domain.Phone [UPGRADE_SKIPLOCKED]: select phone0_.trn as trn1_3_0_, phone0_.phone_number_1 as phone_nu2_3_0_, phone0_.phone_number_2 as phone_nu3_3_0_ from donor_phone phone0_ where phone0_.trn=? for update
DEBUG - Adding QuerySpace : uid = <gen:0> -> org.hibernate.loader.plan.build.internal.spaces.EntityQuerySpaceImpl@5553d0f5]
DEBUG - Visiting attribute path : phone1
DEBUG - Visiting attribute path : phone2
DEBUG - Building LoadPlan...
DEBUG - processing queryspace <gen:0>
DEBUG - LoadPlan(entity=domain.Phone)
    - Returns
       - EntityReturnImpl(entity=domain.Phone, querySpaceUid=<gen:0>, path=domain.Phone)
    - QuerySpaces
       - EntityQuerySpaceImpl(uid=<gen:0>, entity=domain.Phone)
          - SQL table alias mapping - phone0_
          - alias suffix - 0_
          - suffixed key columns - {trn1_3_0_}

DEBUG - Static select for entity domain.Phone [FORCE]: select phone0_.trn as trn1_3_0_, phone0_.phone_number_1 as phone_nu2_3_0_, phone0_.phone_number_2 as phone_nu3_3_0_ from donor_phone phone0_ where phone0_.trn=? for update
DEBUG - Adding QuerySpace : uid = <gen:0> -> org.hibernate.loader.plan.build.internal.spaces.EntityQuerySpaceImpl@14dda234]
DEBUG - Visiting attribute path : phone1
DEBUG - Visiting attribute path : phone2
DEBUG - Building LoadPlan...
DEBUG - processing queryspace <gen:0>
DEBUG - LoadPlan(entity=domain.Phone)
    - Returns
       - EntityReturnImpl(entity=domain.Phone, querySpaceUid=<gen:0>, path=domain.Phone)
    - QuerySpaces
       - EntityQuerySpaceImpl(uid=<gen:0>, entity=domain.Phone)
          - SQL table alias mapping - phone0_
          - alias suffix - 0_
          - suffixed key columns - {trn1_3_0_}

DEBUG - Static select for entity domain.Phone [PESSIMISTIC_READ]: select phone0_.trn as trn1_3_0_, phone0_.phone_number_1 as phone_nu2_3_0_, phone0_.phone_number_2 as phone_nu3_3_0_ from donor_phone phone0_ where phone0_.trn=? lock in share mode
DEBUG - Adding QuerySpace : uid = <gen:0> -> org.hibernate.loader.plan.build.internal.spaces.EntityQuerySpaceImpl@74a6a609]
DEBUG - Visiting attribute path : phone1
DEBUG - Visiting attribute path : phone2
DEBUG - Building LoadPlan...
DEBUG - processing queryspace <gen:0>
DEBUG - LoadPlan(entity=domain.Phone)
    - Returns
       - EntityReturnImpl(entity=domain.Phone, querySpaceUid=<gen:0>, path=domain.Phone)
    - QuerySpaces
       - EntityQuerySpaceImpl(uid=<gen:0>, entity=domain.Phone)
          - SQL table alias mapping - phone0_
          - alias suffix - 0_
          - suffixed key columns - {trn1_3_0_}

DEBUG - Static select for entity domain.Phone [PESSIMISTIC_WRITE]: select phone0_.trn as trn1_3_0_, phone0_.phone_number_1 as phone_nu2_3_0_, phone0_.phone_number_2 as phone_nu3_3_0_ from donor_phone phone0_ where phone0_.trn=? for update
DEBUG - Adding QuerySpace : uid = <gen:0> -> org.hibernate.loader.plan.build.internal.spaces.EntityQuerySpaceImpl@2374d36a]
DEBUG - Visiting attribute path : phone1
DEBUG - Visiting attribute path : phone2
DEBUG - Building LoadPlan...
DEBUG - processing queryspace <gen:0>
DEBUG - LoadPlan(entity=domain.Phone)
    - Returns
       - EntityReturnImpl(entity=domain.Phone, querySpaceUid=<gen:0>, path=domain.Phone)
    - QuerySpaces
       - EntityQuerySpaceImpl(uid=<gen:0>, entity=domain.Phone)
          - SQL table alias mapping - phone0_
          - alias suffix - 0_
          - suffixed key columns - {trn1_3_0_}

DEBUG - Static select for entity domain.Phone [PESSIMISTIC_FORCE_INCREMENT]: select phone0_.trn as trn1_3_0_, phone0_.phone_number_1 as phone_nu2_3_0_, phone0_.phone_number_2 as phone_nu3_3_0_ from donor_phone phone0_ where phone0_.trn=? for update
DEBUG - Adding QuerySpace : uid = <gen:0> -> org.hibernate.loader.plan.build.internal.spaces.EntityQuerySpaceImpl@1506f20f]
DEBUG - Visiting attribute path : phone1
DEBUG - Visiting attribute path : phone2
DEBUG - Building LoadPlan...
DEBUG - processing queryspace <gen:0>
DEBUG - LoadPlan(entity=domain.Phone)
    - Returns
       - EntityReturnImpl(entity=domain.Phone, querySpaceUid=<gen:0>, path=domain.Phone)
    - QuerySpaces
       - EntityQuerySpaceImpl(uid=<gen:0>, entity=domain.Phone)
          - SQL table alias mapping - phone0_
          - alias suffix - 0_
          - suffixed key columns - {trn1_3_0_}

DEBUG - Static select for entity domain.Phone [OPTIMISTIC]: select phone0_.trn as trn1_3_0_, phone0_.phone_number_1 as phone_nu2_3_0_, phone0_.phone_number_2 as phone_nu3_3_0_ from donor_phone phone0_ where phone0_.trn=?
DEBUG - Adding QuerySpace : uid = <gen:0> -> org.hibernate.loader.plan.build.internal.spaces.EntityQuerySpaceImpl@424fd310]
DEBUG - Visiting attribute path : phone1
DEBUG - Visiting attribute path : phone2
DEBUG - Building LoadPlan...
DEBUG - processing queryspace <gen:0>
DEBUG - LoadPlan(entity=domain.Phone)
    - Returns
       - EntityReturnImpl(entity=domain.Phone, querySpaceUid=<gen:0>, path=domain.Phone)
    - QuerySpaces
       - EntityQuerySpaceImpl(uid=<gen:0>, entity=domain.Phone)
          - SQL table alias mapping - phone0_
          - alias suffix - 0_
          - suffixed key columns - {trn1_3_0_}

DEBUG - Static select for entity domain.Phone [OPTIMISTIC_FORCE_INCREMENT]: select phone0_.trn as trn1_3_0_, phone0_.phone_number_1 as phone_nu2_3_0_, phone0_.phone_number_2 as phone_nu3_3_0_ from donor_phone phone0_ where phone0_.trn=?
DEBUG - Static select for action ACTION_MERGE on entity domain.Phone: select phone0_.trn as trn1_3_0_, phone0_.phone_number_1 as phone_nu2_3_0_, phone0_.phone_number_2 as phone_nu3_3_0_ from donor_phone phone0_ where phone0_.trn=?
DEBUG - Static select for action ACTION_REFRESH on entity domain.Phone: select phone0_.trn as trn1_3_0_, phone0_.phone_number_1 as phone_nu2_3_0_, phone0_.phone_number_2 as phone_nu3_3_0_ from donor_phone phone0_ where phone0_.trn=?
DEBUG - Static SQL for entity: domain.Donor
DEBUG -  Version select: select trn from donor where trn =?
DEBUG -  Snapshot select: select donor_.trn, donor_.address as address2_4_, donor_.dob as dob3_4_, donor_.email as email4_4_, donor_.firstname as firstnam5_4_, donor_.gender as gender6_4_, donor_.lastname as lastname7_4_, donor_.phone as phone8_4_, donor_.blood_type as blood_ty1_2_ from donor donor_ where donor_.trn=?
DEBUG -  Insert 0: insert into donor (address, dob, email, firstname, gender, lastname, phone, blood_type, trn) values (?, ?, ?, ?, ?, ?, ?, ?, ?)
DEBUG -  Update 0: update donor set address=?, dob=?, email=?, firstname=?, gender=?, lastname=?, phone=?, blood_type=? where trn=?
DEBUG -  Delete 0: delete from donor where trn=?
DEBUG - Adding QuerySpace : uid = <gen:0> -> org.hibernate.loader.plan.build.internal.spaces.EntityQuerySpaceImpl@57ac5227]
DEBUG - Visiting attribute path : address
DEBUG - Visiting attribute path : dob
DEBUG - Visiting attribute path : email
DEBUG - Visiting attribute path : firstname
DEBUG - Visiting attribute path : gender
DEBUG - Visiting attribute path : lastname
DEBUG - Visiting attribute path : phone
DEBUG - Visiting attribute path : bloodType
DEBUG - Building LoadPlan...
DEBUG - processing queryspace <gen:0>
DEBUG - LoadPlan(entity=domain.Donor)
    - Returns
       - EntityReturnImpl(entity=domain.Donor, querySpaceUid=<gen:0>, path=domain.Donor)
    - QuerySpaces
       - EntityQuerySpaceImpl(uid=<gen:0>, entity=domain.Donor)
          - SQL table alias mapping - donor0_
          - alias suffix - 0_
          - suffixed key columns - {trn1_4_0_}

DEBUG - Static select for entity domain.Donor [NONE]: select donor0_.trn as trn1_4_0_, donor0_.address as address2_4_0_, donor0_.dob as dob3_4_0_, donor0_.email as email4_4_0_, donor0_.firstname as firstnam5_4_0_, donor0_.gender as gender6_4_0_, donor0_.lastname as lastname7_4_0_, donor0_.phone as phone8_4_0_, donor0_.blood_type as blood_ty1_2_0_ from donor donor0_ where donor0_.trn=?
DEBUG - Adding QuerySpace : uid = <gen:0> -> org.hibernate.loader.plan.build.internal.spaces.EntityQuerySpaceImpl@2f6e28bc]
DEBUG - Visiting attribute path : address
DEBUG - Visiting attribute path : dob
DEBUG - Visiting attribute path : email
DEBUG - Visiting attribute path : firstname
DEBUG - Visiting attribute path : gender
DEBUG - Visiting attribute path : lastname
DEBUG - Visiting attribute path : phone
DEBUG - Visiting attribute path : bloodType
DEBUG - Building LoadPlan...
DEBUG - processing queryspace <gen:0>
DEBUG - LoadPlan(entity=domain.Donor)
    - Returns
       - EntityReturnImpl(entity=domain.Donor, querySpaceUid=<gen:0>, path=domain.Donor)
    - QuerySpaces
       - EntityQuerySpaceImpl(uid=<gen:0>, entity=domain.Donor)
          - SQL table alias mapping - donor0_
          - alias suffix - 0_
          - suffixed key columns - {trn1_4_0_}

DEBUG - Static select for entity domain.Donor [READ]: select donor0_.trn as trn1_4_0_, donor0_.address as address2_4_0_, donor0_.dob as dob3_4_0_, donor0_.email as email4_4_0_, donor0_.firstname as firstnam5_4_0_, donor0_.gender as gender6_4_0_, donor0_.lastname as lastname7_4_0_, donor0_.phone as phone8_4_0_, donor0_.blood_type as blood_ty1_2_0_ from donor donor0_ where donor0_.trn=?
DEBUG - Adding QuerySpace : uid = <gen:0> -> org.hibernate.loader.plan.build.internal.spaces.EntityQuerySpaceImpl@31e4bb20]
DEBUG - Visiting attribute path : address
DEBUG - Visiting attribute path : dob
DEBUG - Visiting attribute path : email
DEBUG - Visiting attribute path : firstname
DEBUG - Visiting attribute path : gender
DEBUG - Visiting attribute path : lastname
DEBUG - Visiting attribute path : phone
DEBUG - Visiting attribute path : bloodType
DEBUG - Building LoadPlan...
DEBUG - processing queryspace <gen:0>
DEBUG - LoadPlan(entity=domain.Donor)
    - Returns
       - EntityReturnImpl(entity=domain.Donor, querySpaceUid=<gen:0>, path=domain.Donor)
    - QuerySpaces
       - EntityQuerySpaceImpl(uid=<gen:0>, entity=domain.Donor)
          - SQL table alias mapping - donor0_
          - alias suffix - 0_
          - suffixed key columns - {trn1_4_0_}

DEBUG - Static select for entity domain.Donor [UPGRADE]: select donor0_.trn as trn1_4_0_, donor0_.address as address2_4_0_, donor0_.dob as dob3_4_0_, donor0_.email as email4_4_0_, donor0_.firstname as firstnam5_4_0_, donor0_.gender as gender6_4_0_, donor0_.lastname as lastname7_4_0_, donor0_.phone as phone8_4_0_, donor0_.blood_type as blood_ty1_2_0_ from donor donor0_ where donor0_.trn=? for update
DEBUG - Adding QuerySpace : uid = <gen:0> -> org.hibernate.loader.plan.build.internal.spaces.EntityQuerySpaceImpl@463b4ac8]
DEBUG - Visiting attribute path : address
DEBUG - Visiting attribute path : dob
DEBUG - Visiting attribute path : email
DEBUG - Visiting attribute path : firstname
DEBUG - Visiting attribute path : gender
DEBUG - Visiting attribute path : lastname
DEBUG - Visiting attribute path : phone
DEBUG - Visiting attribute path : bloodType
DEBUG - Building LoadPlan...
DEBUG - processing queryspace <gen:0>
DEBUG - LoadPlan(entity=domain.Donor)
    - Returns
       - EntityReturnImpl(entity=domain.Donor, querySpaceUid=<gen:0>, path=domain.Donor)
    - QuerySpaces
       - EntityQuerySpaceImpl(uid=<gen:0>, entity=domain.Donor)
          - SQL table alias mapping - donor0_
          - alias suffix - 0_
          - suffixed key columns - {trn1_4_0_}

DEBUG - Static select for entity domain.Donor [UPGRADE_NOWAIT]: select donor0_.trn as trn1_4_0_, donor0_.address as address2_4_0_, donor0_.dob as dob3_4_0_, donor0_.email as email4_4_0_, donor0_.firstname as firstnam5_4_0_, donor0_.gender as gender6_4_0_, donor0_.lastname as lastname7_4_0_, donor0_.phone as phone8_4_0_, donor0_.blood_type as blood_ty1_2_0_ from donor donor0_ where donor0_.trn=? for update
DEBUG - Adding QuerySpace : uid = <gen:0> -> org.hibernate.loader.plan.build.internal.spaces.EntityQuerySpaceImpl@62f68dff]
DEBUG - Visiting attribute path : address
DEBUG - Visiting attribute path : dob
DEBUG - Visiting attribute path : email
DEBUG - Visiting attribute path : firstname
DEBUG - Visiting attribute path : gender
DEBUG - Visiting attribute path : lastname
DEBUG - Visiting attribute path : phone
DEBUG - Visiting attribute path : bloodType
DEBUG - Building LoadPlan...
DEBUG - processing queryspace <gen:0>
DEBUG - LoadPlan(entity=domain.Donor)
    - Returns
       - EntityReturnImpl(entity=domain.Donor, querySpaceUid=<gen:0>, path=domain.Donor)
    - QuerySpaces
       - EntityQuerySpaceImpl(uid=<gen:0>, entity=domain.Donor)
          - SQL table alias mapping - donor0_
          - alias suffix - 0_
          - suffixed key columns - {trn1_4_0_}

DEBUG - Static select for entity domain.Donor [UPGRADE_SKIPLOCKED]: select donor0_.trn as trn1_4_0_, donor0_.address as address2_4_0_, donor0_.dob as dob3_4_0_, donor0_.email as email4_4_0_, donor0_.firstname as firstnam5_4_0_, donor0_.gender as gender6_4_0_, donor0_.lastname as lastname7_4_0_, donor0_.phone as phone8_4_0_, donor0_.blood_type as blood_ty1_2_0_ from donor donor0_ where donor0_.trn=? for update
DEBUG - Adding QuerySpace : uid = <gen:0> -> org.hibernate.loader.plan.build.internal.spaces.EntityQuerySpaceImpl@1d0d6318]
DEBUG - Visiting attribute path : address
DEBUG - Visiting attribute path : dob
DEBUG - Visiting attribute path : email
DEBUG - Visiting attribute path : firstname
DEBUG - Visiting attribute path : gender
DEBUG - Visiting attribute path : lastname
DEBUG - Visiting attribute path : phone
DEBUG - Visiting attribute path : bloodType
DEBUG - Building LoadPlan...
DEBUG - processing queryspace <gen:0>
DEBUG - LoadPlan(entity=domain.Donor)
    - Returns
       - EntityReturnImpl(entity=domain.Donor, querySpaceUid=<gen:0>, path=domain.Donor)
    - QuerySpaces
       - EntityQuerySpaceImpl(uid=<gen:0>, entity=domain.Donor)
          - SQL table alias mapping - donor0_
          - alias suffix - 0_
          - suffixed key columns - {trn1_4_0_}

DEBUG - Static select for entity domain.Donor [FORCE]: select donor0_.trn as trn1_4_0_, donor0_.address as address2_4_0_, donor0_.dob as dob3_4_0_, donor0_.email as email4_4_0_, donor0_.firstname as firstnam5_4_0_, donor0_.gender as gender6_4_0_, donor0_.lastname as lastname7_4_0_, donor0_.phone as phone8_4_0_, donor0_.blood_type as blood_ty1_2_0_ from donor donor0_ where donor0_.trn=? for update
DEBUG - Adding QuerySpace : uid = <gen:0> -> org.hibernate.loader.plan.build.internal.spaces.EntityQuerySpaceImpl@4409e975]
DEBUG - Visiting attribute path : address
DEBUG - Visiting attribute path : dob
DEBUG - Visiting attribute path : email
DEBUG - Visiting attribute path : firstname
DEBUG - Visiting attribute path : gender
DEBUG - Visiting attribute path : lastname
DEBUG - Visiting attribute path : phone
DEBUG - Visiting attribute path : bloodType
DEBUG - Building LoadPlan...
DEBUG - processing queryspace <gen:0>
DEBUG - LoadPlan(entity=domain.Donor)
    - Returns
       - EntityReturnImpl(entity=domain.Donor, querySpaceUid=<gen:0>, path=domain.Donor)
    - QuerySpaces
       - EntityQuerySpaceImpl(uid=<gen:0>, entity=domain.Donor)
          - SQL table alias mapping - donor0_
          - alias suffix - 0_
          - suffixed key columns - {trn1_4_0_}

DEBUG - Static select for entity domain.Donor [PESSIMISTIC_READ]: select donor0_.trn as trn1_4_0_, donor0_.address as address2_4_0_, donor0_.dob as dob3_4_0_, donor0_.email as email4_4_0_, donor0_.firstname as firstnam5_4_0_, donor0_.gender as gender6_4_0_, donor0_.lastname as lastname7_4_0_, donor0_.phone as phone8_4_0_, donor0_.blood_type as blood_ty1_2_0_ from donor donor0_ where donor0_.trn=? lock in share mode
DEBUG - Adding QuerySpace : uid = <gen:0> -> org.hibernate.loader.plan.build.internal.spaces.EntityQuerySpaceImpl@2a7686a7]
DEBUG - Visiting attribute path : address
DEBUG - Visiting attribute path : dob
DEBUG - Visiting attribute path : email
DEBUG - Visiting attribute path : firstname
DEBUG - Visiting attribute path : gender
DEBUG - Visiting attribute path : lastname
DEBUG - Visiting attribute path : phone
DEBUG - Visiting attribute path : bloodType
DEBUG - Building LoadPlan...
DEBUG - processing queryspace <gen:0>
DEBUG - LoadPlan(entity=domain.Donor)
    - Returns
       - EntityReturnImpl(entity=domain.Donor, querySpaceUid=<gen:0>, path=domain.Donor)
    - QuerySpaces
       - EntityQuerySpaceImpl(uid=<gen:0>, entity=domain.Donor)
          - SQL table alias mapping - donor0_
          - alias suffix - 0_
          - suffixed key columns - {trn1_4_0_}

DEBUG - Static select for entity domain.Donor [PESSIMISTIC_WRITE]: select donor0_.trn as trn1_4_0_, donor0_.address as address2_4_0_, donor0_.dob as dob3_4_0_, donor0_.email as email4_4_0_, donor0_.firstname as firstnam5_4_0_, donor0_.gender as gender6_4_0_, donor0_.lastname as lastname7_4_0_, donor0_.phone as phone8_4_0_, donor0_.blood_type as blood_ty1_2_0_ from donor donor0_ where donor0_.trn=? for update
DEBUG - Adding QuerySpace : uid = <gen:0> -> org.hibernate.loader.plan.build.internal.spaces.EntityQuerySpaceImpl@7ec3394b]
DEBUG - Visiting attribute path : address
DEBUG - Visiting attribute path : dob
DEBUG - Visiting attribute path : email
DEBUG - Visiting attribute path : firstname
DEBUG - Visiting attribute path : gender
DEBUG - Visiting attribute path : lastname
DEBUG - Visiting attribute path : phone
DEBUG - Visiting attribute path : bloodType
DEBUG - Building LoadPlan...
DEBUG - processing queryspace <gen:0>
DEBUG - LoadPlan(entity=domain.Donor)
    - Returns
       - EntityReturnImpl(entity=domain.Donor, querySpaceUid=<gen:0>, path=domain.Donor)
    - QuerySpaces
       - EntityQuerySpaceImpl(uid=<gen:0>, entity=domain.Donor)
          - SQL table alias mapping - donor0_
          - alias suffix - 0_
          - suffixed key columns - {trn1_4_0_}

DEBUG - Static select for entity domain.Donor [PESSIMISTIC_FORCE_INCREMENT]: select donor0_.trn as trn1_4_0_, donor0_.address as address2_4_0_, donor0_.dob as dob3_4_0_, donor0_.email as email4_4_0_, donor0_.firstname as firstnam5_4_0_, donor0_.gender as gender6_4_0_, donor0_.lastname as lastname7_4_0_, donor0_.phone as phone8_4_0_, donor0_.blood_type as blood_ty1_2_0_ from donor donor0_ where donor0_.trn=? for update
DEBUG - Adding QuerySpace : uid = <gen:0> -> org.hibernate.loader.plan.build.internal.spaces.EntityQuerySpaceImpl@1522d8a0]
DEBUG - Visiting attribute path : address
DEBUG - Visiting attribute path : dob
DEBUG - Visiting attribute path : email
DEBUG - Visiting attribute path : firstname
DEBUG - Visiting attribute path : gender
DEBUG - Visiting attribute path : lastname
DEBUG - Visiting attribute path : phone
DEBUG - Visiting attribute path : bloodType
DEBUG - Building LoadPlan...
DEBUG - processing queryspace <gen:0>
DEBUG - LoadPlan(entity=domain.Donor)
    - Returns
       - EntityReturnImpl(entity=domain.Donor, querySpaceUid=<gen:0>, path=domain.Donor)
    - QuerySpaces
       - EntityQuerySpaceImpl(uid=<gen:0>, entity=domain.Donor)
          - SQL table alias mapping - donor0_
          - alias suffix - 0_
          - suffixed key columns - {trn1_4_0_}

DEBUG - Static select for entity domain.Donor [OPTIMISTIC]: select donor0_.trn as trn1_4_0_, donor0_.address as address2_4_0_, donor0_.dob as dob3_4_0_, donor0_.email as email4_4_0_, donor0_.firstname as firstnam5_4_0_, donor0_.gender as gender6_4_0_, donor0_.lastname as lastname7_4_0_, donor0_.phone as phone8_4_0_, donor0_.blood_type as blood_ty1_2_0_ from donor donor0_ where donor0_.trn=?
DEBUG - Adding QuerySpace : uid = <gen:0> -> org.hibernate.loader.plan.build.internal.spaces.EntityQuerySpaceImpl@5644dc81]
DEBUG - Visiting attribute path : address
DEBUG - Visiting attribute path : dob
DEBUG - Visiting attribute path : email
DEBUG - Visiting attribute path : firstname
DEBUG - Visiting attribute path : gender
DEBUG - Visiting attribute path : lastname
DEBUG - Visiting attribute path : phone
DEBUG - Visiting attribute path : bloodType
DEBUG - Building LoadPlan...
DEBUG - processing queryspace <gen:0>
DEBUG - LoadPlan(entity=domain.Donor)
    - Returns
       - EntityReturnImpl(entity=domain.Donor, querySpaceUid=<gen:0>, path=domain.Donor)
    - QuerySpaces
       - EntityQuerySpaceImpl(uid=<gen:0>, entity=domain.Donor)
          - SQL table alias mapping - donor0_
          - alias suffix - 0_
          - suffixed key columns - {trn1_4_0_}

DEBUG - Static select for entity domain.Donor [OPTIMISTIC_FORCE_INCREMENT]: select donor0_.trn as trn1_4_0_, donor0_.address as address2_4_0_, donor0_.dob as dob3_4_0_, donor0_.email as email4_4_0_, donor0_.firstname as firstnam5_4_0_, donor0_.gender as gender6_4_0_, donor0_.lastname as lastname7_4_0_, donor0_.phone as phone8_4_0_, donor0_.blood_type as blood_ty1_2_0_ from donor donor0_ where donor0_.trn=?
DEBUG - Static select for action ACTION_MERGE on entity domain.Donor: select donor0_.trn as trn1_4_0_, donor0_.address as address2_4_0_, donor0_.dob as dob3_4_0_, donor0_.email as email4_4_0_, donor0_.firstname as firstnam5_4_0_, donor0_.gender as gender6_4_0_, donor0_.lastname as lastname7_4_0_, donor0_.phone as phone8_4_0_, donor0_.blood_type as blood_ty1_2_0_ from donor donor0_ where donor0_.trn=?
DEBUG - Static select for action ACTION_REFRESH on entity domain.Donor: select donor0_.trn as trn1_4_0_, donor0_.address as address2_4_0_, donor0_.dob as dob3_4_0_, donor0_.email as email4_4_0_, donor0_.firstname as firstnam5_4_0_, donor0_.gender as gender6_4_0_, donor0_.lastname as lastname7_4_0_, donor0_.phone as phone8_4_0_, donor0_.blood_type as blood_ty1_2_0_ from donor donor0_ where donor0_.trn=?
DEBUG - Static SQL for entity: domain.BloodBankAddress
DEBUG -  Version select: select address_id from blood_bank_address where address_id =?
DEBUG -  Snapshot select: select bloodbanka_.address_id, bloodbanka_.address_line_1 as address_2_1_, bloodbanka_.address_line_2 as address_3_1_, bloodbanka_.street as street4_1_ from blood_bank_address bloodbanka_ where bloodbanka_.address_id=?
DEBUG -  Insert 0: insert into blood_bank_address (address_line_1, address_line_2, street, address_id) values (?, ?, ?, ?)
DEBUG -  Update 0: update blood_bank_address set address_line_1=?, address_line_2=?, street=? where address_id=?
DEBUG -  Delete 0: delete from blood_bank_address where address_id=?
DEBUG - Adding QuerySpace : uid = <gen:0> -> org.hibernate.loader.plan.build.internal.spaces.EntityQuerySpaceImpl@278bb07e]
DEBUG - Visiting attribute path : addressLine1
DEBUG - Visiting attribute path : addressLine2
DEBUG - Visiting attribute path : street
DEBUG - Building LoadPlan...
DEBUG - processing queryspace <gen:0>
DEBUG - LoadPlan(entity=domain.BloodBankAddress)
    - Returns
       - EntityReturnImpl(entity=domain.BloodBankAddress, querySpaceUid=<gen:0>, path=domain.BloodBankAddress)
    - QuerySpaces
       - EntityQuerySpaceImpl(uid=<gen:0>, entity=domain.BloodBankAddress)
          - SQL table alias mapping - bloodbanka0_
          - alias suffix - 0_
          - suffixed key columns - {address_1_1_0_}

DEBUG - Static select for entity domain.BloodBankAddress [NONE]: select bloodbanka0_.address_id as address_1_1_0_, bloodbanka0_.address_line_1 as address_2_1_0_, bloodbanka0_.address_line_2 as address_3_1_0_, bloodbanka0_.street as street4_1_0_ from blood_bank_address bloodbanka0_ where bloodbanka0_.address_id=?
DEBUG - Adding QuerySpace : uid = <gen:0> -> org.hibernate.loader.plan.build.internal.spaces.EntityQuerySpaceImpl@3381b4fc]
DEBUG - Visiting attribute path : addressLine1
DEBUG - Visiting attribute path : addressLine2
DEBUG - Visiting attribute path : street
DEBUG - Building LoadPlan...
DEBUG - processing queryspace <gen:0>
DEBUG - LoadPlan(entity=domain.BloodBankAddress)
    - Returns
       - EntityReturnImpl(entity=domain.BloodBankAddress, querySpaceUid=<gen:0>, path=domain.BloodBankAddress)
    - QuerySpaces
       - EntityQuerySpaceImpl(uid=<gen:0>, entity=domain.BloodBankAddress)
          - SQL table alias mapping - bloodbanka0_
          - alias suffix - 0_
          - suffixed key columns - {address_1_1_0_}

DEBUG - Static select for entity domain.BloodBankAddress [READ]: select bloodbanka0_.address_id as address_1_1_0_, bloodbanka0_.address_line_1 as address_2_1_0_, bloodbanka0_.address_line_2 as address_3_1_0_, bloodbanka0_.street as street4_1_0_ from blood_bank_address bloodbanka0_ where bloodbanka0_.address_id=?
DEBUG - Adding QuerySpace : uid = <gen:0> -> org.hibernate.loader.plan.build.internal.spaces.EntityQuerySpaceImpl@11981797]
DEBUG - Visiting attribute path : addressLine1
DEBUG - Visiting attribute path : addressLine2
DEBUG - Visiting attribute path : street
DEBUG - Building LoadPlan...
DEBUG - processing queryspace <gen:0>
DEBUG - LoadPlan(entity=domain.BloodBankAddress)
    - Returns
       - EntityReturnImpl(entity=domain.BloodBankAddress, querySpaceUid=<gen:0>, path=domain.BloodBankAddress)
    - QuerySpaces
       - EntityQuerySpaceImpl(uid=<gen:0>, entity=domain.BloodBankAddress)
          - SQL table alias mapping - bloodbanka0_
          - alias suffix - 0_
          - suffixed key columns - {address_1_1_0_}

DEBUG - Static select for entity domain.BloodBankAddress [UPGRADE]: select bloodbanka0_.address_id as address_1_1_0_, bloodbanka0_.address_line_1 as address_2_1_0_, bloodbanka0_.address_line_2 as address_3_1_0_, bloodbanka0_.street as street4_1_0_ from blood_bank_address bloodbanka0_ where bloodbanka0_.address_id=? for update
DEBUG - Adding QuerySpace : uid = <gen:0> -> org.hibernate.loader.plan.build.internal.spaces.EntityQuerySpaceImpl@625abb97]
DEBUG - Visiting attribute path : addressLine1
DEBUG - Visiting attribute path : addressLine2
DEBUG - Visiting attribute path : street
DEBUG - Building LoadPlan...
DEBUG - processing queryspace <gen:0>
DEBUG - LoadPlan(entity=domain.BloodBankAddress)
    - Returns
       - EntityReturnImpl(entity=domain.BloodBankAddress, querySpaceUid=<gen:0>, path=domain.BloodBankAddress)
    - QuerySpaces
       - EntityQuerySpaceImpl(uid=<gen:0>, entity=domain.BloodBankAddress)
          - SQL table alias mapping - bloodbanka0_
          - alias suffix - 0_
          - suffixed key columns - {address_1_1_0_}

DEBUG - Static select for entity domain.BloodBankAddress [UPGRADE_NOWAIT]: select bloodbanka0_.address_id as address_1_1_0_, bloodbanka0_.address_line_1 as address_2_1_0_, bloodbanka0_.address_line_2 as address_3_1_0_, bloodbanka0_.street as street4_1_0_ from blood_bank_address bloodbanka0_ where bloodbanka0_.address_id=? for update
DEBUG - Adding QuerySpace : uid = <gen:0> -> org.hibernate.loader.plan.build.internal.spaces.EntityQuerySpaceImpl@aeab9a1]
DEBUG - Visiting attribute path : addressLine1
DEBUG - Visiting attribute path : addressLine2
DEBUG - Visiting attribute path : street
DEBUG - Building LoadPlan...
DEBUG - processing queryspace <gen:0>
DEBUG - LoadPlan(entity=domain.BloodBankAddress)
    - Returns
       - EntityReturnImpl(entity=domain.BloodBankAddress, querySpaceUid=<gen:0>, path=domain.BloodBankAddress)
    - QuerySpaces
       - EntityQuerySpaceImpl(uid=<gen:0>, entity=domain.BloodBankAddress)
          - SQL table alias mapping - bloodbanka0_
          - alias suffix - 0_
          - suffixed key columns - {address_1_1_0_}

DEBUG - Static select for entity domain.BloodBankAddress [UPGRADE_SKIPLOCKED]: select bloodbanka0_.address_id as address_1_1_0_, bloodbanka0_.address_line_1 as address_2_1_0_, bloodbanka0_.address_line_2 as address_3_1_0_, bloodbanka0_.street as street4_1_0_ from blood_bank_address bloodbanka0_ where bloodbanka0_.address_id=? for update
DEBUG - Adding QuerySpace : uid = <gen:0> -> org.hibernate.loader.plan.build.internal.spaces.EntityQuerySpaceImpl@774698ab]
DEBUG - Visiting attribute path : addressLine1
DEBUG - Visiting attribute path : addressLine2
DEBUG - Visiting attribute path : street
DEBUG - Building LoadPlan...
DEBUG - processing queryspace <gen:0>
DEBUG - LoadPlan(entity=domain.BloodBankAddress)
    - Returns
       - EntityReturnImpl(entity=domain.BloodBankAddress, querySpaceUid=<gen:0>, path=domain.BloodBankAddress)
    - QuerySpaces
       - EntityQuerySpaceImpl(uid=<gen:0>, entity=domain.BloodBankAddress)
          - SQL table alias mapping - bloodbanka0_
          - alias suffix - 0_
          - suffixed key columns - {address_1_1_0_}

DEBUG - Static select for entity domain.BloodBankAddress [FORCE]: select bloodbanka0_.address_id as address_1_1_0_, bloodbanka0_.address_line_1 as address_2_1_0_, bloodbanka0_.address_line_2 as address_3_1_0_, bloodbanka0_.street as street4_1_0_ from blood_bank_address bloodbanka0_ where bloodbanka0_.address_id=? for update
DEBUG - Adding QuerySpace : uid = <gen:0> -> org.hibernate.loader.plan.build.internal.spaces.EntityQuerySpaceImpl@a4ca3f6]
DEBUG - Visiting attribute path : addressLine1
DEBUG - Visiting attribute path : addressLine2
DEBUG - Visiting attribute path : street
DEBUG - Building LoadPlan...
DEBUG - processing queryspace <gen:0>
DEBUG - LoadPlan(entity=domain.BloodBankAddress)
    - Returns
       - EntityReturnImpl(entity=domain.BloodBankAddress, querySpaceUid=<gen:0>, path=domain.BloodBankAddress)
    - QuerySpaces
       - EntityQuerySpaceImpl(uid=<gen:0>, entity=domain.BloodBankAddress)
          - SQL table alias mapping - bloodbanka0_
          - alias suffix - 0_
          - suffixed key columns - {address_1_1_0_}

DEBUG - Static select for entity domain.BloodBankAddress [PESSIMISTIC_READ]: select bloodbanka0_.address_id as address_1_1_0_, bloodbanka0_.address_line_1 as address_2_1_0_, bloodbanka0_.address_line_2 as address_3_1_0_, bloodbanka0_.street as street4_1_0_ from blood_bank_address bloodbanka0_ where bloodbanka0_.address_id=? lock in share mode
DEBUG - Adding QuerySpace : uid = <gen:0> -> org.hibernate.loader.plan.build.internal.spaces.EntityQuerySpaceImpl@31aa3ca5]
DEBUG - Visiting attribute path : addressLine1
DEBUG - Visiting attribute path : addressLine2
DEBUG - Visiting attribute path : street
DEBUG - Building LoadPlan...
DEBUG - processing queryspace <gen:0>
DEBUG - LoadPlan(entity=domain.BloodBankAddress)
    - Returns
       - EntityReturnImpl(entity=domain.BloodBankAddress, querySpaceUid=<gen:0>, path=domain.BloodBankAddress)
    - QuerySpaces
       - EntityQuerySpaceImpl(uid=<gen:0>, entity=domain.BloodBankAddress)
          - SQL table alias mapping - bloodbanka0_
          - alias suffix - 0_
          - suffixed key columns - {address_1_1_0_}

DEBUG - Static select for entity domain.BloodBankAddress [PESSIMISTIC_WRITE]: select bloodbanka0_.address_id as address_1_1_0_, bloodbanka0_.address_line_1 as address_2_1_0_, bloodbanka0_.address_line_2 as address_3_1_0_, bloodbanka0_.street as street4_1_0_ from blood_bank_address bloodbanka0_ where bloodbanka0_.address_id=? for update
DEBUG - Adding QuerySpace : uid = <gen:0> -> org.hibernate.loader.plan.build.internal.spaces.EntityQuerySpaceImpl@2a2c13a8]
DEBUG - Visiting attribute path : addressLine1
DEBUG - Visiting attribute path : addressLine2
DEBUG - Visiting attribute path : street
DEBUG - Building LoadPlan...
DEBUG - processing queryspace <gen:0>
DEBUG - LoadPlan(entity=domain.BloodBankAddress)
    - Returns
       - EntityReturnImpl(entity=domain.BloodBankAddress, querySpaceUid=<gen:0>, path=domain.BloodBankAddress)
    - QuerySpaces
       - EntityQuerySpaceImpl(uid=<gen:0>, entity=domain.BloodBankAddress)
          - SQL table alias mapping - bloodbanka0_
          - alias suffix - 0_
          - suffixed key columns - {address_1_1_0_}

DEBUG - Static select for entity domain.BloodBankAddress [PESSIMISTIC_FORCE_INCREMENT]: select bloodbanka0_.address_id as address_1_1_0_, bloodbanka0_.address_line_1 as address_2_1_0_, bloodbanka0_.address_line_2 as address_3_1_0_, bloodbanka0_.street as street4_1_0_ from blood_bank_address bloodbanka0_ where bloodbanka0_.address_id=? for update
DEBUG - Adding QuerySpace : uid = <gen:0> -> org.hibernate.loader.plan.build.internal.spaces.EntityQuerySpaceImpl@6b44435b]
DEBUG - Visiting attribute path : addressLine1
DEBUG - Visiting attribute path : addressLine2
DEBUG - Visiting attribute path : street
DEBUG - Building LoadPlan...
DEBUG - processing queryspace <gen:0>
DEBUG - LoadPlan(entity=domain.BloodBankAddress)
    - Returns
       - EntityReturnImpl(entity=domain.BloodBankAddress, querySpaceUid=<gen:0>, path=domain.BloodBankAddress)
    - QuerySpaces
       - EntityQuerySpaceImpl(uid=<gen:0>, entity=domain.BloodBankAddress)
          - SQL table alias mapping - bloodbanka0_
          - alias suffix - 0_
          - suffixed key columns - {address_1_1_0_}

DEBUG - Static select for entity domain.BloodBankAddress [OPTIMISTIC]: select bloodbanka0_.address_id as address_1_1_0_, bloodbanka0_.address_line_1 as address_2_1_0_, bloodbanka0_.address_line_2 as address_3_1_0_, bloodbanka0_.street as street4_1_0_ from blood_bank_address bloodbanka0_ where bloodbanka0_.address_id=?
DEBUG - Adding QuerySpace : uid = <gen:0> -> org.hibernate.loader.plan.build.internal.spaces.EntityQuerySpaceImpl@66b7550d]
DEBUG - Visiting attribute path : addressLine1
DEBUG - Visiting attribute path : addressLine2
DEBUG - Visiting attribute path : street
DEBUG - Building LoadPlan...
DEBUG - processing queryspace <gen:0>
DEBUG - LoadPlan(entity=domain.BloodBankAddress)
    - Returns
       - EntityReturnImpl(entity=domain.BloodBankAddress, querySpaceUid=<gen:0>, path=domain.BloodBankAddress)
    - QuerySpaces
       - EntityQuerySpaceImpl(uid=<gen:0>, entity=domain.BloodBankAddress)
          - SQL table alias mapping - bloodbanka0_
          - alias suffix - 0_
          - suffixed key columns - {address_1_1_0_}

DEBUG - Static select for entity domain.BloodBankAddress [OPTIMISTIC_FORCE_INCREMENT]: select bloodbanka0_.address_id as address_1_1_0_, bloodbanka0_.address_line_1 as address_2_1_0_, bloodbanka0_.address_line_2 as address_3_1_0_, bloodbanka0_.street as street4_1_0_ from blood_bank_address bloodbanka0_ where bloodbanka0_.address_id=?
DEBUG - Static select for action ACTION_MERGE on entity domain.BloodBankAddress: select bloodbanka0_.address_id as address_1_1_0_, bloodbanka0_.address_line_1 as address_2_1_0_, bloodbanka0_.address_line_2 as address_3_1_0_, bloodbanka0_.street as street4_1_0_ from blood_bank_address bloodbanka0_ where bloodbanka0_.address_id=?
DEBUG - Static select for action ACTION_REFRESH on entity domain.BloodBankAddress: select bloodbanka0_.address_id as address_1_1_0_, bloodbanka0_.address_line_1 as address_2_1_0_, bloodbanka0_.address_line_2 as address_3_1_0_, bloodbanka0_.street as street4_1_0_ from blood_bank_address bloodbanka0_ where bloodbanka0_.address_id=?
DEBUG - Static SQL for entity: domain.BloodBank
DEBUG -  Version select: select idblood_bank from blood_bank where idblood_bank =?
DEBUG -  Snapshot select: select bloodbank_.idblood_bank, bloodbank_.address_id as address_4_0_, bloodbank_.name as name2_0_, bloodbank_.phone as phone3_0_ from blood_bank bloodbank_ where bloodbank_.idblood_bank=?
DEBUG -  Insert 0: insert into blood_bank (address_id, name, phone, idblood_bank) values (?, ?, ?, ?)
DEBUG -  Update 0: update blood_bank set address_id=?, name=?, phone=? where idblood_bank=?
DEBUG -  Delete 0: delete from blood_bank where idblood_bank=?
DEBUG - Adding QuerySpace : uid = <gen:0> -> org.hibernate.loader.plan.build.internal.spaces.EntityQuerySpaceImpl@7c541c15]
DEBUG - Visiting attribute path : bloodBankAddress
DEBUG - Adding QuerySpace : uid = <gen:1> -> org.hibernate.loader.plan.build.internal.spaces.EntityQuerySpaceImpl@5d2a4eed]
DEBUG - Visiting attribute path : bloodBankAddress.addressLine1
DEBUG - Visiting attribute path : bloodBankAddress.addressLine2
DEBUG - Visiting attribute path : bloodBankAddress.street
DEBUG - Visiting attribute path : name
DEBUG - Visiting attribute path : number
DEBUG - Building LoadPlan...
DEBUG - processing queryspace <gen:0>
DEBUG - LoadPlan(entity=domain.BloodBank)
    - Returns
       - EntityReturnImpl(entity=domain.BloodBank, querySpaceUid=<gen:0>, path=domain.BloodBank)
          - EntityAttributeFetchImpl(entity=domain.BloodBankAddress, querySpaceUid=<gen:1>, path=domain.BloodBank.bloodBankAddress)
    - QuerySpaces
       - EntityQuerySpaceImpl(uid=<gen:0>, entity=domain.BloodBank)
          - SQL table alias mapping - bloodbank0_
          - alias suffix - 0_
          - suffixed key columns - {idblood_1_0_0_}
          - JOIN (JoinDefinedByMetadata(bloodBankAddress)) : <gen:0> -> <gen:1>
             - EntityQuerySpaceImpl(uid=<gen:1>, entity=domain.BloodBankAddress)
                - SQL table alias mapping - bloodbanka1_
                - alias suffix - 1_
                - suffixed key columns - {address_1_1_1_}

DEBUG - Static select for entity domain.BloodBank [NONE]: select bloodbank0_.idblood_bank as idblood_1_0_0_, bloodbank0_.address_id as address_4_0_0_, bloodbank0_.name as name2_0_0_, bloodbank0_.phone as phone3_0_0_, bloodbanka1_.address_id as address_1_1_1_, bloodbanka1_.address_line_1 as address_2_1_1_, bloodbanka1_.address_line_2 as address_3_1_1_, bloodbanka1_.street as street4_1_1_ from blood_bank bloodbank0_ left outer join blood_bank_address bloodbanka1_ on bloodbank0_.address_id=bloodbanka1_.address_id where bloodbank0_.idblood_bank=?
DEBUG - Adding QuerySpace : uid = <gen:0> -> org.hibernate.loader.plan.build.internal.spaces.EntityQuerySpaceImpl@1021f6c9]
DEBUG - Visiting attribute path : bloodBankAddress
DEBUG - Adding QuerySpace : uid = <gen:1> -> org.hibernate.loader.plan.build.internal.spaces.EntityQuerySpaceImpl@488eb7f2]
DEBUG - Visiting attribute path : bloodBankAddress.addressLine1
DEBUG - Visiting attribute path : bloodBankAddress.addressLine2
DEBUG - Visiting attribute path : bloodBankAddress.street
DEBUG - Visiting attribute path : name
DEBUG - Visiting attribute path : number
DEBUG - Building LoadPlan...
DEBUG - processing queryspace <gen:0>
DEBUG - LoadPlan(entity=domain.BloodBank)
    - Returns
       - EntityReturnImpl(entity=domain.BloodBank, querySpaceUid=<gen:0>, path=domain.BloodBank)
          - EntityAttributeFetchImpl(entity=domain.BloodBankAddress, querySpaceUid=<gen:1>, path=domain.BloodBank.bloodBankAddress)
    - QuerySpaces
       - EntityQuerySpaceImpl(uid=<gen:0>, entity=domain.BloodBank)
          - SQL table alias mapping - bloodbank0_
          - alias suffix - 0_
          - suffixed key columns - {idblood_1_0_0_}
          - JOIN (JoinDefinedByMetadata(bloodBankAddress)) : <gen:0> -> <gen:1>
             - EntityQuerySpaceImpl(uid=<gen:1>, entity=domain.BloodBankAddress)
                - SQL table alias mapping - bloodbanka1_
                - alias suffix - 1_
                - suffixed key columns - {address_1_1_1_}

DEBUG - Static select for entity domain.BloodBank [READ]: select bloodbank0_.idblood_bank as idblood_1_0_0_, bloodbank0_.address_id as address_4_0_0_, bloodbank0_.name as name2_0_0_, bloodbank0_.phone as phone3_0_0_, bloodbanka1_.address_id as address_1_1_1_, bloodbanka1_.address_line_1 as address_2_1_1_, bloodbanka1_.address_line_2 as address_3_1_1_, bloodbanka1_.street as street4_1_1_ from blood_bank bloodbank0_ left outer join blood_bank_address bloodbanka1_ on bloodbank0_.address_id=bloodbanka1_.address_id where bloodbank0_.idblood_bank=?
DEBUG - Adding QuerySpace : uid = <gen:0> -> org.hibernate.loader.plan.build.internal.spaces.EntityQuerySpaceImpl@4189d70b]
DEBUG - Visiting attribute path : bloodBankAddress
DEBUG - Adding QuerySpace : uid = <gen:1> -> org.hibernate.loader.plan.build.internal.spaces.EntityQuerySpaceImpl@3e7634b9]
DEBUG - Visiting attribute path : name
DEBUG - Visiting attribute path : number
DEBUG - Building LoadPlan...
DEBUG - processing queryspace <gen:0>
DEBUG - LoadPlan(entity=domain.BloodBank)
    - Returns
       - EntityReturnImpl(entity=domain.BloodBank, querySpaceUid=<gen:0>, path=domain.BloodBank)
          - EntityAttributeFetchImpl(entity=domain.BloodBankAddress, querySpaceUid=<gen:1>, path=domain.BloodBank.bloodBankAddress)
    - QuerySpaces
       - EntityQuerySpaceImpl(uid=<gen:0>, entity=domain.BloodBank)
          - SQL table alias mapping - bloodbank0_
          - alias suffix - 0_
          - suffixed key columns - {idblood_1_0_0_}

DEBUG - Static select for entity domain.BloodBank [UPGRADE]: select bloodbank0_.idblood_bank as idblood_1_0_0_, bloodbank0_.address_id as address_4_0_0_, bloodbank0_.name as name2_0_0_, bloodbank0_.phone as phone3_0_0_ from blood_bank bloodbank0_ where bloodbank0_.idblood_bank=? for update
DEBUG - Adding QuerySpace : uid = <gen:0> -> org.hibernate.loader.plan.build.internal.spaces.EntityQuerySpaceImpl@6f0b0a5e]
DEBUG - Visiting attribute path : bloodBankAddress
DEBUG - Adding QuerySpace : uid = <gen:1> -> org.hibernate.loader.plan.build.internal.spaces.EntityQuerySpaceImpl@320de594]
DEBUG - Visiting attribute path : name
DEBUG - Visiting attribute path : number
DEBUG - Building LoadPlan...
DEBUG - processing queryspace <gen:0>
DEBUG - LoadPlan(entity=domain.BloodBank)
    - Returns
       - EntityReturnImpl(entity=domain.BloodBank, querySpaceUid=<gen:0>, path=domain.BloodBank)
          - EntityAttributeFetchImpl(entity=domain.BloodBankAddress, querySpaceUid=<gen:1>, path=domain.BloodBank.bloodBankAddress)
    - QuerySpaces
       - EntityQuerySpaceImpl(uid=<gen:0>, entity=domain.BloodBank)
          - SQL table alias mapping - bloodbank0_
          - alias suffix - 0_
          - suffixed key columns - {idblood_1_0_0_}

DEBUG - Static select for entity domain.BloodBank [UPGRADE_NOWAIT]: select bloodbank0_.idblood_bank as idblood_1_0_0_, bloodbank0_.address_id as address_4_0_0_, bloodbank0_.name as name2_0_0_, bloodbank0_.phone as phone3_0_0_ from blood_bank bloodbank0_ where bloodbank0_.idblood_bank=? for update
DEBUG - Adding QuerySpace : uid = <gen:0> -> org.hibernate.loader.plan.build.internal.spaces.EntityQuerySpaceImpl@3dd1dc90]
DEBUG - Visiting attribute path : bloodBankAddress
DEBUG - Adding QuerySpace : uid = <gen:1> -> org.hibernate.loader.plan.build.internal.spaces.EntityQuerySpaceImpl@478ee483]
DEBUG - Visiting attribute path : name
DEBUG - Visiting attribute path : number
DEBUG - Building LoadPlan...
DEBUG - processing queryspace <gen:0>
DEBUG - LoadPlan(entity=domain.BloodBank)
    - Returns
       - EntityReturnImpl(entity=domain.BloodBank, querySpaceUid=<gen:0>, path=domain.BloodBank)
          - EntityAttributeFetchImpl(entity=domain.BloodBankAddress, querySpaceUid=<gen:1>, path=domain.BloodBank.bloodBankAddress)
    - QuerySpaces
       - EntityQuerySpaceImpl(uid=<gen:0>, entity=domain.BloodBank)
          - SQL table alias mapping - bloodbank0_
          - alias suffix - 0_
          - suffixed key columns - {idblood_1_0_0_}

DEBUG - Static select for entity domain.BloodBank [UPGRADE_SKIPLOCKED]: select bloodbank0_.idblood_bank as idblood_1_0_0_, bloodbank0_.address_id as address_4_0_0_, bloodbank0_.name as name2_0_0_, bloodbank0_.phone as phone3_0_0_ from blood_bank bloodbank0_ where bloodbank0_.idblood_bank=? for update
DEBUG - Adding QuerySpace : uid = <gen:0> -> org.hibernate.loader.plan.build.internal.spaces.EntityQuerySpaceImpl@1a7288a3]
DEBUG - Visiting attribute path : bloodBankAddress
DEBUG - Adding QuerySpace : uid = <gen:1> -> org.hibernate.loader.plan.build.internal.spaces.EntityQuerySpaceImpl@58fe0499]
DEBUG - Visiting attribute path : name
DEBUG - Visiting attribute path : number
DEBUG - Building LoadPlan...
DEBUG - processing queryspace <gen:0>
DEBUG - LoadPlan(entity=domain.BloodBank)
    - Returns
       - EntityReturnImpl(entity=domain.BloodBank, querySpaceUid=<gen:0>, path=domain.BloodBank)
          - EntityAttributeFetchImpl(entity=domain.BloodBankAddress, querySpaceUid=<gen:1>, path=domain.BloodBank.bloodBankAddress)
    - QuerySpaces
       - EntityQuerySpaceImpl(uid=<gen:0>, entity=domain.BloodBank)
          - SQL table alias mapping - bloodbank0_
          - alias suffix - 0_
          - suffixed key columns - {idblood_1_0_0_}

DEBUG - Static select for entity domain.BloodBank [FORCE]: select bloodbank0_.idblood_bank as idblood_1_0_0_, bloodbank0_.address_id as address_4_0_0_, bloodbank0_.name as name2_0_0_, bloodbank0_.phone as phone3_0_0_ from blood_bank bloodbank0_ where bloodbank0_.idblood_bank=? for update
DEBUG - Adding QuerySpace : uid = <gen:0> -> org.hibernate.loader.plan.build.internal.spaces.EntityQuerySpaceImpl@686449f9]
DEBUG - Visiting attribute path : bloodBankAddress
DEBUG - Adding QuerySpace : uid = <gen:1> -> org.hibernate.loader.plan.build.internal.spaces.EntityQuerySpaceImpl@68b6f0d6]
DEBUG - Visiting attribute path : name
DEBUG - Visiting attribute path : number
DEBUG - Building LoadPlan...
DEBUG - processing queryspace <gen:0>
DEBUG - LoadPlan(entity=domain.BloodBank)
    - Returns
       - EntityReturnImpl(entity=domain.BloodBank, querySpaceUid=<gen:0>, path=domain.BloodBank)
          - EntityAttributeFetchImpl(entity=domain.BloodBankAddress, querySpaceUid=<gen:1>, path=domain.BloodBank.bloodBankAddress)
    - QuerySpaces
       - EntityQuerySpaceImpl(uid=<gen:0>, entity=domain.BloodBank)
          - SQL table alias mapping - bloodbank0_
          - alias suffix - 0_
          - suffixed key columns - {idblood_1_0_0_}

DEBUG - Static select for entity domain.BloodBank [PESSIMISTIC_READ]: select bloodbank0_.idblood_bank as idblood_1_0_0_, bloodbank0_.address_id as address_4_0_0_, bloodbank0_.name as name2_0_0_, bloodbank0_.phone as phone3_0_0_ from blood_bank bloodbank0_ where bloodbank0_.idblood_bank=? lock in share mode
DEBUG - Adding QuerySpace : uid = <gen:0> -> org.hibernate.loader.plan.build.internal.spaces.EntityQuerySpaceImpl@4044fb95]
DEBUG - Visiting attribute path : bloodBankAddress
DEBUG - Adding QuerySpace : uid = <gen:1> -> org.hibernate.loader.plan.build.internal.spaces.EntityQuerySpaceImpl@36f48b4]
DEBUG - Visiting attribute path : name
DEBUG - Visiting attribute path : number
DEBUG - Building LoadPlan...
DEBUG - processing queryspace <gen:0>
DEBUG - LoadPlan(entity=domain.BloodBank)
    - Returns
       - EntityReturnImpl(entity=domain.BloodBank, querySpaceUid=<gen:0>, path=domain.BloodBank)
          - EntityAttributeFetchImpl(entity=domain.BloodBankAddress, querySpaceUid=<gen:1>, path=domain.BloodBank.bloodBankAddress)
    - QuerySpaces
       - EntityQuerySpaceImpl(uid=<gen:0>, entity=domain.BloodBank)
          - SQL table alias mapping - bloodbank0_
          - alias suffix - 0_
          - suffixed key columns - {idblood_1_0_0_}

DEBUG - Static select for entity domain.BloodBank [PESSIMISTIC_WRITE]: select bloodbank0_.idblood_bank as idblood_1_0_0_, bloodbank0_.address_id as address_4_0_0_, bloodbank0_.name as name2_0_0_, bloodbank0_.phone as phone3_0_0_ from blood_bank bloodbank0_ where bloodbank0_.idblood_bank=? for update
DEBUG - Adding QuerySpace : uid = <gen:0> -> org.hibernate.loader.plan.build.internal.spaces.EntityQuerySpaceImpl@5c00384f]
DEBUG - Visiting attribute path : bloodBankAddress
DEBUG - Adding QuerySpace : uid = <gen:1> -> org.hibernate.loader.plan.build.internal.spaces.EntityQuerySpaceImpl@1bb564e2]
DEBUG - Visiting attribute path : name
DEBUG - Visiting attribute path : number
DEBUG - Building LoadPlan...
DEBUG - processing queryspace <gen:0>
DEBUG - LoadPlan(entity=domain.BloodBank)
    - Returns
       - EntityReturnImpl(entity=domain.BloodBank, querySpaceUid=<gen:0>, path=domain.BloodBank)
          - EntityAttributeFetchImpl(entity=domain.BloodBankAddress, querySpaceUid=<gen:1>, path=domain.BloodBank.bloodBankAddress)
    - QuerySpaces
       - EntityQuerySpaceImpl(uid=<gen:0>, entity=domain.BloodBank)
          - SQL table alias mapping - bloodbank0_
          - alias suffix - 0_
          - suffixed key columns - {idblood_1_0_0_}

DEBUG - Static select for entity domain.BloodBank [PESSIMISTIC_FORCE_INCREMENT]: select bloodbank0_.idblood_bank as idblood_1_0_0_, bloodbank0_.address_id as address_4_0_0_, bloodbank0_.name as name2_0_0_, bloodbank0_.phone as phone3_0_0_ from blood_bank bloodbank0_ where bloodbank0_.idblood_bank=? for update
DEBUG - Adding QuerySpace : uid = <gen:0> -> org.hibernate.loader.plan.build.internal.spaces.EntityQuerySpaceImpl@62e6b5c8]
DEBUG - Visiting attribute path : bloodBankAddress
DEBUG - Adding QuerySpace : uid = <gen:1> -> org.hibernate.loader.plan.build.internal.spaces.EntityQuerySpaceImpl@7b8233cd]
DEBUG - Visiting attribute path : name
DEBUG - Visiting attribute path : number
DEBUG - Building LoadPlan...
DEBUG - processing queryspace <gen:0>
DEBUG - LoadPlan(entity=domain.BloodBank)
    - Returns
       - EntityReturnImpl(entity=domain.BloodBank, querySpaceUid=<gen:0>, path=domain.BloodBank)
          - EntityAttributeFetchImpl(entity=domain.BloodBankAddress, querySpaceUid=<gen:1>, path=domain.BloodBank.bloodBankAddress)
    - QuerySpaces
       - EntityQuerySpaceImpl(uid=<gen:0>, entity=domain.BloodBank)
          - SQL table alias mapping - bloodbank0_
          - alias suffix - 0_
          - suffixed key columns - {idblood_1_0_0_}

DEBUG - Static select for entity domain.BloodBank [OPTIMISTIC]: select bloodbank0_.idblood_bank as idblood_1_0_0_, bloodbank0_.address_id as address_4_0_0_, bloodbank0_.name as name2_0_0_, bloodbank0_.phone as phone3_0_0_ from blood_bank bloodbank0_ where bloodbank0_.idblood_bank=?
DEBUG - Adding QuerySpace : uid = <gen:0> -> org.hibernate.loader.plan.build.internal.spaces.EntityQuerySpaceImpl@4b20ca2b]
DEBUG - Visiting attribute path : bloodBankAddress
DEBUG - Adding QuerySpace : uid = <gen:1> -> org.hibernate.loader.plan.build.internal.spaces.EntityQuerySpaceImpl@6aecbb8d]
DEBUG - Visiting attribute path : name
DEBUG - Visiting attribute path : number
DEBUG - Building LoadPlan...
DEBUG - processing queryspace <gen:0>
DEBUG - LoadPlan(entity=domain.BloodBank)
    - Returns
       - EntityReturnImpl(entity=domain.BloodBank, querySpaceUid=<gen:0>, path=domain.BloodBank)
          - EntityAttributeFetchImpl(entity=domain.BloodBankAddress, querySpaceUid=<gen:1>, path=domain.BloodBank.bloodBankAddress)
    - QuerySpaces
       - EntityQuerySpaceImpl(uid=<gen:0>, entity=domain.BloodBank)
          - SQL table alias mapping - bloodbank0_
          - alias suffix - 0_
          - suffixed key columns - {idblood_1_0_0_}

DEBUG - Static select for entity domain.BloodBank [OPTIMISTIC_FORCE_INCREMENT]: select bloodbank0_.idblood_bank as idblood_1_0_0_, bloodbank0_.address_id as address_4_0_0_, bloodbank0_.name as name2_0_0_, bloodbank0_.phone as phone3_0_0_ from blood_bank bloodbank0_ where bloodbank0_.idblood_bank=?
DEBUG - Static select for action ACTION_MERGE on entity domain.BloodBank: select bloodbank0_.idblood_bank as idblood_1_0_1_, bloodbank0_.address_id as address_4_0_1_, bloodbank0_.name as name2_0_1_, bloodbank0_.phone as phone3_0_1_, bloodbanka1_.address_id as address_1_1_0_, bloodbanka1_.address_line_1 as address_2_1_0_, bloodbanka1_.address_line_2 as address_3_1_0_, bloodbanka1_.street as street4_1_0_ from blood_bank bloodbank0_ left outer join blood_bank_address bloodbanka1_ on bloodbank0_.address_id=bloodbanka1_.address_id where bloodbank0_.idblood_bank=?
DEBUG - Static select for action ACTION_REFRESH on entity domain.BloodBank: select bloodbank0_.idblood_bank as idblood_1_0_1_, bloodbank0_.address_id as address_4_0_1_, bloodbank0_.name as name2_0_1_, bloodbank0_.phone as phone3_0_1_, bloodbanka1_.address_id as address_1_1_0_, bloodbanka1_.address_line_1 as address_2_1_0_, bloodbanka1_.address_line_2 as address_3_1_0_, bloodbanka1_.street as street4_1_0_ from blood_bank bloodbank0_ left outer join blood_bank_address bloodbanka1_ on bloodbank0_.address_id=bloodbanka1_.address_id where bloodbank0_.idblood_bank=?
DEBUG - Static SQL for entity: domain.Person
DEBUG -  Version select: select trn from Person where trn =?
DEBUG -  Snapshot select: select person_.trn, person_.address as address2_4_, person_.dob as dob3_4_, person_.email as email4_4_, person_.firstname as firstnam5_4_, person_.gender as gender6_4_, person_.lastname as lastname7_4_, person_.phone as phone8_4_ from ( select trn, address, dob, email, firstname, gender, lastname, phone, blood_type, 1 as clazz_ from donor ) person_ where person_.trn=?
DEBUG -  Insert 0: insert into Person (address, dob, email, firstname, gender, lastname, phone, trn) values (?, ?, ?, ?, ?, ?, ?, ?)
DEBUG -  Update 0: update Person set address=?, dob=?, email=?, firstname=?, gender=?, lastname=?, phone=? where trn=?
DEBUG -  Delete 0: delete from Person where trn=?
DEBUG - Adding QuerySpace : uid = <gen:0> -> org.hibernate.loader.plan.build.internal.spaces.EntityQuerySpaceImpl@2a8d39c4]
DEBUG - Visiting attribute path : address
DEBUG - Visiting attribute path : dob
DEBUG - Visiting attribute path : email
DEBUG - Visiting attribute path : firstname
DEBUG - Visiting attribute path : gender
DEBUG - Visiting attribute path : lastname
DEBUG - Visiting attribute path : phone
DEBUG - Visiting attribute path : bloodType
DEBUG - Building LoadPlan...
DEBUG - processing queryspace <gen:0>
DEBUG - LoadPlan(entity=domain.Person)
    - Returns
       - EntityReturnImpl(entity=domain.Person, querySpaceUid=<gen:0>, path=domain.Person)
    - QuerySpaces
       - EntityQuerySpaceImpl(uid=<gen:0>, entity=domain.Person)
          - SQL table alias mapping - person0_
          - alias suffix - 0_
          - suffixed key columns - {trn1_4_0_}

DEBUG - Static select for entity domain.Person [NONE]: select person0_.trn as trn1_4_0_, person0_.address as address2_4_0_, person0_.dob as dob3_4_0_, person0_.email as email4_4_0_, person0_.firstname as firstnam5_4_0_, person0_.gender as gender6_4_0_, person0_.lastname as lastname7_4_0_, person0_.phone as phone8_4_0_, person0_.blood_type as blood_ty1_2_0_, person0_.clazz_ as clazz_0_ from ( select trn, address, dob, email, firstname, gender, lastname, phone, blood_type, 1 as clazz_ from donor ) person0_ where person0_.trn=?
DEBUG - Adding QuerySpace : uid = <gen:0> -> org.hibernate.loader.plan.build.internal.spaces.EntityQuerySpaceImpl@72758afa]
DEBUG - Visiting attribute path : address
DEBUG - Visiting attribute path : dob
DEBUG - Visiting attribute path : email
DEBUG - Visiting attribute path : firstname
DEBUG - Visiting attribute path : gender
DEBUG - Visiting attribute path : lastname
DEBUG - Visiting attribute path : phone
DEBUG - Visiting attribute path : bloodType
DEBUG - Building LoadPlan...
DEBUG - processing queryspace <gen:0>
DEBUG - LoadPlan(entity=domain.Person)
    - Returns
       - EntityReturnImpl(entity=domain.Person, querySpaceUid=<gen:0>, path=domain.Person)
    - QuerySpaces
       - EntityQuerySpaceImpl(uid=<gen:0>, entity=domain.Person)
          - SQL table alias mapping - person0_
          - alias suffix - 0_
          - suffixed key columns - {trn1_4_0_}

DEBUG - Static select for entity domain.Person [READ]: select person0_.trn as trn1_4_0_, person0_.address as address2_4_0_, person0_.dob as dob3_4_0_, person0_.email as email4_4_0_, person0_.firstname as firstnam5_4_0_, person0_.gender as gender6_4_0_, person0_.lastname as lastname7_4_0_, person0_.phone as phone8_4_0_, person0_.blood_type as blood_ty1_2_0_, person0_.clazz_ as clazz_0_ from ( select trn, address, dob, email, firstname, gender, lastname, phone, blood_type, 1 as clazz_ from donor ) person0_ where person0_.trn=?
DEBUG - Adding QuerySpace : uid = <gen:0> -> org.hibernate.loader.plan.build.internal.spaces.EntityQuerySpaceImpl@4c398c80]
DEBUG - Visiting attribute path : address
DEBUG - Visiting attribute path : dob
DEBUG - Visiting attribute path : email
DEBUG - Visiting attribute path : firstname
DEBUG - Visiting attribute path : gender
DEBUG - Visiting attribute path : lastname
DEBUG - Visiting attribute path : phone
DEBUG - Visiting attribute path : bloodType
DEBUG - Building LoadPlan...
DEBUG - processing queryspace <gen:0>
DEBUG - LoadPlan(entity=domain.Person)
    - Returns
       - EntityReturnImpl(entity=domain.Person, querySpaceUid=<gen:0>, path=domain.Person)
    - QuerySpaces
       - EntityQuerySpaceImpl(uid=<gen:0>, entity=domain.Person)
          - SQL table alias mapping - person0_
          - alias suffix - 0_
          - suffixed key columns - {trn1_4_0_}

DEBUG - Static select for entity domain.Person [UPGRADE]: select person0_.trn as trn1_4_0_, person0_.address as address2_4_0_, person0_.dob as dob3_4_0_, person0_.email as email4_4_0_, person0_.firstname as firstnam5_4_0_, person0_.gender as gender6_4_0_, person0_.lastname as lastname7_4_0_, person0_.phone as phone8_4_0_, person0_.blood_type as blood_ty1_2_0_, person0_.clazz_ as clazz_0_ from ( select trn, address, dob, email, firstname, gender, lastname, phone, blood_type, 1 as clazz_ from donor ) person0_ where person0_.trn=? for update
DEBUG - Adding QuerySpace : uid = <gen:0> -> org.hibernate.loader.plan.build.internal.spaces.EntityQuerySpaceImpl@21baa903]
DEBUG - Visiting attribute path : address
DEBUG - Visiting attribute path : dob
DEBUG - Visiting attribute path : email
DEBUG - Visiting attribute path : firstname
DEBUG - Visiting attribute path : gender
DEBUG - Visiting attribute path : lastname
DEBUG - Visiting attribute path : phone
DEBUG - Visiting attribute path : bloodType
DEBUG - Building LoadPlan...
DEBUG - processing queryspace <gen:0>
DEBUG - LoadPlan(entity=domain.Person)
    - Returns
       - EntityReturnImpl(entity=domain.Person, querySpaceUid=<gen:0>, path=domain.Person)
    - QuerySpaces
       - EntityQuerySpaceImpl(uid=<gen:0>, entity=domain.Person)
          - SQL table alias mapping - person0_
          - alias suffix - 0_
          - suffixed key columns - {trn1_4_0_}

DEBUG - Static select for entity domain.Person [UPGRADE_NOWAIT]: select person0_.trn as trn1_4_0_, person0_.address as address2_4_0_, person0_.dob as dob3_4_0_, person0_.email as email4_4_0_, person0_.firstname as firstnam5_4_0_, person0_.gender as gender6_4_0_, person0_.lastname as lastname7_4_0_, person0_.phone as phone8_4_0_, person0_.blood_type as blood_ty1_2_0_, person0_.clazz_ as clazz_0_ from ( select trn, address, dob, email, firstname, gender, lastname, phone, blood_type, 1 as clazz_ from donor ) person0_ where person0_.trn=? for update
DEBUG - Adding QuerySpace : uid = <gen:0> -> org.hibernate.loader.plan.build.internal.spaces.EntityQuerySpaceImpl@60a2630a]
DEBUG - Visiting attribute path : address
DEBUG - Visiting attribute path : dob
DEBUG - Visiting attribute path : email
DEBUG - Visiting attribute path : firstname
DEBUG - Visiting attribute path : gender
DEBUG - Visiting attribute path : lastname
DEBUG - Visiting attribute path : phone
DEBUG - Visiting attribute path : bloodType
DEBUG - Building LoadPlan...
DEBUG - processing queryspace <gen:0>
DEBUG - LoadPlan(entity=domain.Person)
    - Returns
       - EntityReturnImpl(entity=domain.Person, querySpaceUid=<gen:0>, path=domain.Person)
    - QuerySpaces
       - EntityQuerySpaceImpl(uid=<gen:0>, entity=domain.Person)
          - SQL table alias mapping - person0_
          - alias suffix - 0_
          - suffixed key columns - {trn1_4_0_}

DEBUG - Static select for entity domain.Person [UPGRADE_SKIPLOCKED]: select person0_.trn as trn1_4_0_, person0_.address as address2_4_0_, person0_.dob as dob3_4_0_, person0_.email as email4_4_0_, person0_.firstname as firstnam5_4_0_, person0_.gender as gender6_4_0_, person0_.lastname as lastname7_4_0_, person0_.phone as phone8_4_0_, person0_.blood_type as blood_ty1_2_0_, person0_.clazz_ as clazz_0_ from ( select trn, address, dob, email, firstname, gender, lastname, phone, blood_type, 1 as clazz_ from donor ) person0_ where person0_.trn=? for update
DEBUG - Adding QuerySpace : uid = <gen:0> -> org.hibernate.loader.plan.build.internal.spaces.EntityQuerySpaceImpl@5dd91bca]
DEBUG - Visiting attribute path : address
DEBUG - Visiting attribute path : dob
DEBUG - Visiting attribute path : email
DEBUG - Visiting attribute path : firstname
DEBUG - Visiting attribute path : gender
DEBUG - Visiting attribute path : lastname
DEBUG - Visiting attribute path : phone
DEBUG - Visiting attribute path : bloodType
DEBUG - Building LoadPlan...
DEBUG - processing queryspace <gen:0>
DEBUG - LoadPlan(entity=domain.Person)
    - Returns
       - EntityReturnImpl(entity=domain.Person, querySpaceUid=<gen:0>, path=domain.Person)
    - QuerySpaces
       - EntityQuerySpaceImpl(uid=<gen:0>, entity=domain.Person)
          - SQL table alias mapping - person0_
          - alias suffix - 0_
          - suffixed key columns - {trn1_4_0_}

DEBUG - Static select for entity domain.Person [FORCE]: select person0_.trn as trn1_4_0_, person0_.address as address2_4_0_, person0_.dob as dob3_4_0_, person0_.email as email4_4_0_, person0_.firstname as firstnam5_4_0_, person0_.gender as gender6_4_0_, person0_.lastname as lastname7_4_0_, person0_.phone as phone8_4_0_, person0_.blood_type as blood_ty1_2_0_, person0_.clazz_ as clazz_0_ from ( select trn, address, dob, email, firstname, gender, lastname, phone, blood_type, 1 as clazz_ from donor ) person0_ where person0_.trn=? for update
DEBUG - Adding QuerySpace : uid = <gen:0> -> org.hibernate.loader.plan.build.internal.spaces.EntityQuerySpaceImpl@3382f8ae]
DEBUG - Visiting attribute path : address
DEBUG - Visiting attribute path : dob
DEBUG - Visiting attribute path : email
DEBUG - Visiting attribute path : firstname
DEBUG - Visiting attribute path : gender
DEBUG - Visiting attribute path : lastname
DEBUG - Visiting attribute path : phone
DEBUG - Visiting attribute path : bloodType
DEBUG - Building LoadPlan...
DEBUG - processing queryspace <gen:0>
DEBUG - LoadPlan(entity=domain.Person)
    - Returns
       - EntityReturnImpl(entity=domain.Person, querySpaceUid=<gen:0>, path=domain.Person)
    - QuerySpaces
       - EntityQuerySpaceImpl(uid=<gen:0>, entity=domain.Person)
          - SQL table alias mapping - person0_
          - alias suffix - 0_
          - suffixed key columns - {trn1_4_0_}

DEBUG - Static select for entity domain.Person [PESSIMISTIC_READ]: select person0_.trn as trn1_4_0_, person0_.address as address2_4_0_, person0_.dob as dob3_4_0_, person0_.email as email4_4_0_, person0_.firstname as firstnam5_4_0_, person0_.gender as gender6_4_0_, person0_.lastname as lastname7_4_0_, person0_.phone as phone8_4_0_, person0_.blood_type as blood_ty1_2_0_, person0_.clazz_ as clazz_0_ from ( select trn, address, dob, email, firstname, gender, lastname, phone, blood_type, 1 as clazz_ from donor ) person0_ where person0_.trn=? lock in share mode
DEBUG - Adding QuerySpace : uid = <gen:0> -> org.hibernate.loader.plan.build.internal.spaces.EntityQuerySpaceImpl@75f65e45]
DEBUG - Visiting attribute path : address
DEBUG - Visiting attribute path : dob
DEBUG - Visiting attribute path : email
DEBUG - Visiting attribute path : firstname
DEBUG - Visiting attribute path : gender
DEBUG - Visiting attribute path : lastname
DEBUG - Visiting attribute path : phone
DEBUG - Visiting attribute path : bloodType
DEBUG - Building LoadPlan...
DEBUG - processing queryspace <gen:0>
DEBUG - LoadPlan(entity=domain.Person)
    - Returns
       - EntityReturnImpl(entity=domain.Person, querySpaceUid=<gen:0>, path=domain.Person)
    - QuerySpaces
       - EntityQuerySpaceImpl(uid=<gen:0>, entity=domain.Person)
          - SQL table alias mapping - person0_
          - alias suffix - 0_
          - suffixed key columns - {trn1_4_0_}

DEBUG - Static select for entity domain.Person [PESSIMISTIC_WRITE]: select person0_.trn as trn1_4_0_, person0_.address as address2_4_0_, person0_.dob as dob3_4_0_, person0_.email as email4_4_0_, person0_.firstname as firstnam5_4_0_, person0_.gender as gender6_4_0_, person0_.lastname as lastname7_4_0_, person0_.phone as phone8_4_0_, person0_.blood_type as blood_ty1_2_0_, person0_.clazz_ as clazz_0_ from ( select trn, address, dob, email, firstname, gender, lastname, phone, blood_type, 1 as clazz_ from donor ) person0_ where person0_.trn=? for update
DEBUG - Adding QuerySpace : uid = <gen:0> -> org.hibernate.loader.plan.build.internal.spaces.EntityQuerySpaceImpl@4a891c97]
DEBUG - Visiting attribute path : address
DEBUG - Visiting attribute path : dob
DEBUG - Visiting attribute path : email
DEBUG - Visiting attribute path : firstname
DEBUG - Visiting attribute path : gender
DEBUG - Visiting attribute path : lastname
DEBUG - Visiting attribute path : phone
DEBUG - Visiting attribute path : bloodType
DEBUG - Building LoadPlan...
DEBUG - processing queryspace <gen:0>
DEBUG - LoadPlan(entity=domain.Person)
    - Returns
       - EntityReturnImpl(entity=domain.Person, querySpaceUid=<gen:0>, path=domain.Person)
    - QuerySpaces
       - EntityQuerySpaceImpl(uid=<gen:0>, entity=domain.Person)
          - SQL table alias mapping - person0_
          - alias suffix - 0_
          - suffixed key columns - {trn1_4_0_}

DEBUG - Static select for entity domain.Person [PESSIMISTIC_FORCE_INCREMENT]: select person0_.trn as trn1_4_0_, person0_.address as address2_4_0_, person0_.dob as dob3_4_0_, person0_.email as email4_4_0_, person0_.firstname as firstnam5_4_0_, person0_.gender as gender6_4_0_, person0_.lastname as lastname7_4_0_, person0_.phone as phone8_4_0_, person0_.blood_type as blood_ty1_2_0_, person0_.clazz_ as clazz_0_ from ( select trn, address, dob, email, firstname, gender, lastname, phone, blood_type, 1 as clazz_ from donor ) person0_ where person0_.trn=? for update
DEBUG - Adding QuerySpace : uid = <gen:0> -> org.hibernate.loader.plan.build.internal.spaces.EntityQuerySpaceImpl@4d18aa28]
DEBUG - Visiting attribute path : address
DEBUG - Visiting attribute path : dob
DEBUG - Visiting attribute path : email
DEBUG - Visiting attribute path : firstname
DEBUG - Visiting attribute path : gender
DEBUG - Visiting attribute path : lastname
DEBUG - Visiting attribute path : phone
DEBUG - Visiting attribute path : bloodType
DEBUG - Building LoadPlan...
DEBUG - processing queryspace <gen:0>
DEBUG - LoadPlan(entity=domain.Person)
    - Returns
       - EntityReturnImpl(entity=domain.Person, querySpaceUid=<gen:0>, path=domain.Person)
    - QuerySpaces
       - EntityQuerySpaceImpl(uid=<gen:0>, entity=domain.Person)
          - SQL table alias mapping - person0_
          - alias suffix - 0_
          - suffixed key columns - {trn1_4_0_}

DEBUG - Static select for entity domain.Person [OPTIMISTIC]: select person0_.trn as trn1_4_0_, person0_.address as address2_4_0_, person0_.dob as dob3_4_0_, person0_.email as email4_4_0_, person0_.firstname as firstnam5_4_0_, person0_.gender as gender6_4_0_, person0_.lastname as lastname7_4_0_, person0_.phone as phone8_4_0_, person0_.blood_type as blood_ty1_2_0_, person0_.clazz_ as clazz_0_ from ( select trn, address, dob, email, firstname, gender, lastname, phone, blood_type, 1 as clazz_ from donor ) person0_ where person0_.trn=?
DEBUG - Adding QuerySpace : uid = <gen:0> -> org.hibernate.loader.plan.build.internal.spaces.EntityQuerySpaceImpl@7756c3cd]
DEBUG - Visiting attribute path : address
DEBUG - Visiting attribute path : dob
DEBUG - Visiting attribute path : email
DEBUG - Visiting attribute path : firstname
DEBUG - Visiting attribute path : gender
DEBUG - Visiting attribute path : lastname
DEBUG - Visiting attribute path : phone
DEBUG - Visiting attribute path : bloodType
DEBUG - Building LoadPlan...
DEBUG - processing queryspace <gen:0>
DEBUG - LoadPlan(entity=domain.Person)
    - Returns
       - EntityReturnImpl(entity=domain.Person, querySpaceUid=<gen:0>, path=domain.Person)
    - QuerySpaces
       - EntityQuerySpaceImpl(uid=<gen:0>, entity=domain.Person)
          - SQL table alias mapping - person0_
          - alias suffix - 0_
          - suffixed key columns - {trn1_4_0_}

DEBUG - Static select for entity domain.Person [OPTIMISTIC_FORCE_INCREMENT]: select person0_.trn as trn1_4_0_, person0_.address as address2_4_0_, person0_.dob as dob3_4_0_, person0_.email as email4_4_0_, person0_.firstname as firstnam5_4_0_, person0_.gender as gender6_4_0_, person0_.lastname as lastname7_4_0_, person0_.phone as phone8_4_0_, person0_.blood_type as blood_ty1_2_0_, person0_.clazz_ as clazz_0_ from ( select trn, address, dob, email, firstname, gender, lastname, phone, blood_type, 1 as clazz_ from donor ) person0_ where person0_.trn=?
DEBUG - Static select for action ACTION_MERGE on entity domain.Person: select person0_.trn as trn1_4_0_, person0_.address as address2_4_0_, person0_.dob as dob3_4_0_, person0_.email as email4_4_0_, person0_.firstname as firstnam5_4_0_, person0_.gender as gender6_4_0_, person0_.lastname as lastname7_4_0_, person0_.phone as phone8_4_0_, person0_.blood_type as blood_ty1_2_0_, person0_.clazz_ as clazz_0_ from ( select trn, address, dob, email, firstname, gender, lastname, phone, blood_type, 1 as clazz_ from donor ) person0_ where person0_.trn=?
DEBUG - Static select for action ACTION_REFRESH on entity domain.Person: select person0_.trn as trn1_4_0_, person0_.address as address2_4_0_, person0_.dob as dob3_4_0_, person0_.email as email4_4_0_, person0_.firstname as firstnam5_4_0_, person0_.gender as gender6_4_0_, person0_.lastname as lastname7_4_0_, person0_.phone as phone8_4_0_, person0_.blood_type as blood_ty1_2_0_, person0_.clazz_ as clazz_0_ from ( select trn, address, dob, email, firstname, gender, lastname, phone, blood_type, 1 as clazz_ from donor ) person0_ where person0_.trn=?
INFO - HHH10001501: Connection obtained from JdbcConnectionAccess [org.hibernate.engine.jdbc.env.internal.JdbcEnvironmentInitiator$ConnectionProviderJdbcConnectionAccess@76f7d241] for (non-JTA) DDL execution was not in auto-commit mode; the Connection 'local transaction' will be committed and the Connection will be set into auto-commit mode.
DEBUG - No alter strings for table : blood_bank
DEBUG - No alter strings for table : blood_bank_address
DEBUG - No alter strings for table : donor
DEBUG - No alter strings for table : donor_phone
DEBUG - Checking 0 named HQL queries
DEBUG - Checking 0 named SQL queries
DEBUG - Initializing SessionFactoryRegistry : org.hibernate.internal.SessionFactoryRegistry@426b6a74
DEBUG - Registering SessionFactory: f34495ac-3b23-40f7-b3e5-f10a9fdfb8ea (<unnamed>)
DEBUG - Not binding SessionFactory to JNDI, no JNDI name configured
DEBUG - Statistics initialized [enabled=false]
DEBUG - SELECT Count(*) AS Duplicates FROM blood_bank WHERE idblood_bank = '123'
DEBUG - Result set row: 0
DEBUG - Result row: 
DEBUG - Initiating JDBC connection release from afterTransaction
DEBUG - begin
DEBUG - Generated identifier: 123, using strategy: org.hibernate.id.Assigned
DEBUG - select bloodbanka_.address_id, bloodbanka_.address_line_1 as address_2_1_, bloodbanka_.address_line_2 as address_3_1_, bloodbanka_.street as street4_1_ from blood_bank_address bloodbanka_ where bloodbanka_.address_id=?
DEBUG - HHH000387: ResultSet's statement was not registered
DEBUG - committing
DEBUG - Processing flush-time cascades
DEBUG - Dirty checking collections
DEBUG - Flushed: 1 insertions, 1 updates, 0 deletions to 2 objects
DEBUG - Flushed: 0 (re)creations, 0 updates, 0 removals to 0 collections
DEBUG - Listing entities:
DEBUG - domain.BloodBankAddress{street=Blood Bank Street, addressLine1=Address Line 1, addressLine2=Address Line 2, addressId=9}
DEBUG - domain.BloodBank{number=1234567, bloodBankAddress=domain.BloodBankAddress#9, name=Blood Bank Name, id=123}
DEBUG - insert into blood_bank (address_id, name, phone, idblood_bank) values (?, ?, ?, ?)
DEBUG - update blood_bank_address set address_line_1=?, address_line_2=?, street=? where address_id=?
DEBUG - Initiating JDBC connection release from afterTransaction
DEBUG - Initiating JDBC connection release from afterTransaction
DEBUG - begin
DEBUG - select bloodbanka_.address_id, bloodbanka_.address_line_1 as address_2_1_, bloodbanka_.address_line_2 as address_3_1_, bloodbanka_.street as street4_1_ from blood_bank_address bloodbanka_ where bloodbanka_.address_id=?
DEBUG - HHH000387: ResultSet's statement was not registered
DEBUG - committing
DEBUG - Processing flush-time cascades
DEBUG - Dirty checking collections
DEBUG - Flushed: 0 insertions, 2 updates, 0 deletions to 2 objects
DEBUG - Flushed: 0 (re)creations, 0 updates, 0 removals to 0 collections
DEBUG - Listing entities:
DEBUG - domain.BloodBank{number=789456123, bloodBankAddress=domain.BloodBankAddress#9, name=Blood Bank Updated Name, id=123}
DEBUG - domain.BloodBankAddress{street=Blood Bank Updated Street, addressLine1=Address Updated Line 1, addressLine2=Address Updated Line 2, addressId=9}
DEBUG - update blood_bank set address_id=?, name=?, phone=? where idblood_bank=?
DEBUG - update blood_bank_address set address_line_1=?, address_line_2=?, street=? where address_id=?
DEBUG - Initiating JDBC connection release from afterTransaction
DEBUG - Initiating JDBC connection release from afterTransaction
DEBUG - SELECT * FROM blood_bank
DEBUG - Result set row: 0
DEBUG - Result row: EntityKey[domain.BloodBank#123]
DEBUG - Result set row: 1
DEBUG - Result row: EntityKey[domain.BloodBank#KPH8]
DEBUG - Resolving associations for [domain.BloodBank#123]
DEBUG - select bloodbanka0_.address_id as address_1_1_0_, bloodbanka0_.address_line_1 as address_2_1_0_, bloodbanka0_.address_line_2 as address_3_1_0_, bloodbanka0_.street as street4_1_0_ from blood_bank_address bloodbanka0_ where bloodbanka0_.address_id=?
DEBUG - Starting ResultSet row #0
DEBUG - On call to EntityIdentifierReaderImpl#resolve, EntityKey was already known; should only happen on root returns with an optional identifier specified
DEBUG - Resolving associations for [domain.BloodBankAddress#9]
DEBUG - Done materializing entity [domain.BloodBankAddress#9]
DEBUG - HHH000387: ResultSet's statement was not registered
DEBUG - Done entity load : domain.BloodBankAddress#9
DEBUG - Done materializing entity [domain.BloodBank#123]
DEBUG - Resolving associations for [domain.BloodBank#KPH8]
DEBUG - select bloodbanka0_.address_id as address_1_1_0_, bloodbanka0_.address_line_1 as address_2_1_0_, bloodbanka0_.address_line_2 as address_3_1_0_, bloodbanka0_.street as street4_1_0_ from blood_bank_address bloodbanka0_ where bloodbanka0_.address_id=?
DEBUG - Starting ResultSet row #0
DEBUG - On call to EntityIdentifierReaderImpl#resolve, EntityKey was already known; should only happen on root returns with an optional identifier specified
DEBUG - Resolving associations for [domain.BloodBankAddress#1]
DEBUG - Done materializing entity [domain.BloodBankAddress#1]
DEBUG - HHH000387: ResultSet's statement was not registered
DEBUG - Done entity load : domain.BloodBankAddress#1
DEBUG - Done materializing entity [domain.BloodBank#KPH8]
DEBUG - Initiating JDBC connection release from afterTransaction
DEBUG - SELECT Count(*) AS Duplicates FROM blood_bank WHERE idblood_bank = '123'
DEBUG - Result set row: 0
DEBUG - Result row: 
DEBUG - Initiating JDBC connection release from afterTransaction
DEBUG - begin
DEBUG - select bloodbank_.idblood_bank, bloodbank_.address_id as address_4_0_, bloodbank_.name as name2_0_, bloodbank_.phone as phone3_0_ from blood_bank bloodbank_ where bloodbank_.idblood_bank=?
DEBUG - HHH000387: ResultSet's statement was not registered
DEBUG - committing
DEBUG - Processing flush-time cascades
DEBUG - Dirty checking collections
DEBUG - Flushed: 0 insertions, 0 updates, 1 deletions to 1 objects
DEBUG - Flushed: 0 (re)creations, 0 updates, 0 removals to 0 collections
DEBUG - Listing entities:
DEBUG - domain.BloodBank{number=null, bloodBankAddress=null, name=null, id=123}
DEBUG - delete from blood_bank where idblood_bank=?
DEBUG - Initiating JDBC connection release from afterTransaction
DEBUG - Initiating JDBC connection release from afterTransaction
DEBUG - HHH000420: Closing un-released batch
